[PREINITIALIZATION][CLIENT][INFO] Thank you to the Patreon supporters below and others who make CraftTweaker possible!
Riley
Belathus
Pongo Sapiens
Genryu
Zuniroa
Peregrinus11
Phillip Swearingain
Jessie Sims
Ncc1702
Hooley
Spencer Gilbert
Luvely
NerdyWhiteGuy
WaterMoon
SquidDev
DreamThorn
Quaternary
AdaraChristine
NickT
Ivy_
If you want to support the mod, checkout https://patreon.com/jaredlll08?s=crtmod

[PREINITIALIZATION][CLIENT][INFO] Current loaders after merging: [[preinit]]
[PREINITIALIZATION][CLIENT][INFO] Loading scripts for loader with names [preinit]
[PREINITIALIZATION][CLIENT][INFO] [preinit | SIDE_CLIENT]: Skipping file {[0:contenttweaker]: ContentTweaker\Fluids\glue.zs} as we are currently loading with a different loader
[PREINITIALIZATION][CLIENT][INFO] [preinit | SIDE_CLIENT]: Skipping file {[0:contenttweaker]: ContentTweaker\Items\CompoundGlue.zs} as we are currently loading with a different loader
[PREINITIALIZATION][CLIENT][INFO] [preinit | SIDE_CLIENT]: Skipping file {[0:contenttweaker]: ContentTweaker\Items\TinkersHammer.zs} as we are currently loading with a different loader
[PREINITIALIZATION][CLIENT][INFO] [preinit | SIDE_CLIENT]: Skipping file {[0:contenttweaker]: ContentTweaker\Items\Violin.zs} as we are currently loading with a different loader
[PREINITIALIZATION][CLIENT][INFO] [preinit | SIDE_CLIENT]: Skipping file {[0:crafttweaker]: recipe.zs} as we are currently loading with a different loader
[PREINITIALIZATION][CLIENT][INFO] [preinit | SIDE_CLIENT]: Skipping file {[0:crafttweaker]: recipes.zs} as we are currently loading with a different loader
[PREINITIALIZATION][CLIENT][INFO] [preinit | SIDE_CLIENT]: Skipping file {[0:crafttweaker]: Tinker's\tinkers_blocks.zs} as we are currently loading with a different loader
[PREINITIALIZATION][CLIENT][INFO] [preinit | SIDE_CLIENT]: Skipping file {[0:crafttweaker]: Tinker's\tinkers_toolparts.zs} as we are currently loading with a different loader
[PREINITIALIZATION][CLIENT][INFO] Completed script loading in: 2ms
[PREINITIALIZATION][CLIENT][INFO] Current loaders after merging: [[preinit], [contenttweaker]]
[PREINITIALIZATION][CLIENT][INFO] Loading scripts for loader with names [contenttweaker]
[PREINITIALIZATION][CLIENT][INFO] [contenttweaker | SIDE_CLIENT]: Loading Script: {[0:contenttweaker]: ContentTweaker\Fluids\glue.zs}
[PREINITIALIZATION][CLIENT][ERROR] ContentTweaker\Fluids\glue.zs:7 > could not find VanillarFactory
[PREINITIALIZATION][CLIENT][ERROR] ContentTweaker\Fluids\glue.zs:8 > any values not yet supported
[PREINITIALIZATION][CLIENT][ERROR] ContentTweaker\Fluids\glue.zs:9 > any values not yet supported
[PREINITIALIZATION][CLIENT][ERROR] ContentTweaker\Fluids\glue.zs:10 > any values not yet supported
[PREINITIALIZATION][CLIENT][ERROR] [contenttweaker]: Error executing {[0:contenttweaker]: ContentTweaker\Fluids\glue.zs}: Bad type on operand stack
Exception Details:
  Location:
    ContentTweaker\Fluids\Glue.__script__()V @23: invokestatic
  Reason:
    Type 'stanhebben/zenscript/value/IAny' (current frame, stack[4]) is not assignable to 'java/lang/String'
  Current Frame:
    bci: @23
    flags: { }
    locals: { }
    stack: { null, '[Lstanhebben/zenscript/value/IAny;', '[Lstanhebben/zenscript/value/IAny;', integer, 'stanhebben/zenscript/value/IAny' }
  Bytecode:
    0x0000000: 0112 0abd 000c 5912 0d12 0f59 c700 0857
    0x0000010: 01a7 0006 b800 15b8 001b 59c7 0008 5701
    0x0000020: a700 06b8 0015 5359 121c 121e b800 2459
    0x0000030: c700 0857 01a7 0006 b800 2953 b900 2d02
    0x0000040: 004c 0112 1cbd 000c 5912 0d12 2e59 c700
    0x0000050: 0857 01a7 0006 b800 33b8 0039 53b9 002d
    0x0000060: 0200 5701 121c bd00 0c59 120d 123a 59c7
    0x0000070: 0008 5701 a700 06b8 0033 b800 3953 b900
    0x0000080: 2d02 0057 0101 b900 2d02 0057 b1       
  Stackmap Table:
    full_frame(@20,{},{Null,Object[#60],Object[#60],Integer,Object[#62]})
    full_frame(@23,{},{Null,Object[#60],Object[#60],Integer,Object[#12]})
    full_frame(@35,{},{Null,Object[#60],Object[#60],Integer,Object[#64]})
    full_frame(@38,{},{Null,Object[#60],Object[#60],Integer,Object[#12]})
    full_frame(@56,{},{Null,Object[#60],Object[#60],Integer,Object[#32]})
    full_frame(@59,{},{Null,Object[#60],Object[#60],Integer,Object[#12]})
    full_frame(@86,{Top,Object[#12]},{Null,Object[#60],Object[#60],Integer,Integer})
    full_frame(@89,{Top,Object[#12]},{Null,Object[#60],Object[#60],Integer,Object[#12]})
    full_frame(@119,{Top,Object[#12]},{Null,Object[#60],Object[#60],Integer,Integer})
    full_frame(@122,{Top,Object[#12]},{Null,Object[#60],Object[#60],Integer,Object[#12]})

java.lang.VerifyError: Bad type on operand stack
Exception Details:
  Location:
    ContentTweaker\Fluids\Glue.__script__()V @23: invokestatic
  Reason:
    Type 'stanhebben/zenscript/value/IAny' (current frame, stack[4]) is not assignable to 'java/lang/String'
  Current Frame:
    bci: @23
    flags: { }
    locals: { }
    stack: { null, '[Lstanhebben/zenscript/value/IAny;', '[Lstanhebben/zenscript/value/IAny;', integer, 'stanhebben/zenscript/value/IAny' }
  Bytecode:
    0x0000000: 0112 0abd 000c 5912 0d12 0f59 c700 0857
    0x0000010: 01a7 0006 b800 15b8 001b 59c7 0008 5701
    0x0000020: a700 06b8 0015 5359 121c 121e b800 2459
    0x0000030: c700 0857 01a7 0006 b800 2953 b900 2d02
    0x0000040: 004c 0112 1cbd 000c 5912 0d12 2e59 c700
    0x0000050: 0857 01a7 0006 b800 33b8 0039 53b9 002d
    0x0000060: 0200 5701 121c bd00 0c59 120d 123a 59c7
    0x0000070: 0008 5701 a700 06b8 0033 b800 3953 b900
    0x0000080: 2d02 0057 0101 b900 2d02 0057 b1       
  Stackmap Table:
    full_frame(@20,{},{Null,Object[#60],Object[#60],Integer,Object[#62]})
    full_frame(@23,{},{Null,Object[#60],Object[#60],Integer,Object[#12]})
    full_frame(@35,{},{Null,Object[#60],Object[#60],Integer,Object[#64]})
    full_frame(@38,{},{Null,Object[#60],Object[#60],Integer,Object[#12]})
    full_frame(@56,{},{Null,Object[#60],Object[#60],Integer,Object[#32]})
    full_frame(@59,{},{Null,Object[#60],Object[#60],Integer,Object[#12]})
    full_frame(@86,{Top,Object[#12]},{Null,Object[#60],Object[#60],Integer,Integer})
    full_frame(@89,{Top,Object[#12]},{Null,Object[#60],Object[#60],Integer,Object[#12]})
    full_frame(@119,{Top,Object[#12]},{Null,Object[#60],Object[#60],Integer,Integer})
    full_frame(@122,{Top,Object[#12]},{Null,Object[#60],Object[#60],Integer,Object[#12]})

	at __ZenMain__.run(ContentTweaker\Fluids\Glue)
	at crafttweaker.runtime.CrTTweaker.loadScript(CrTTweaker.java:240)
	at crafttweaker.runtime.CrTTweaker.loadScript(CrTTweaker.java:96)
	at crafttweaker.runtime.CrTTweaker.loadScript(CrTTweaker.java:100)
	at crafttweaker.runtime.CrTTweaker.loadScript(CrTTweaker.java:78)
	at com.teamacronymcoders.contenttweaker.ContentTweaker.afterModuleHandlerInit(ContentTweaker.java:45)
	at com.teamacronymcoders.base.BaseModFoundation.preInit(BaseModFoundation.java:112)
	at com.teamacronymcoders.contenttweaker.ContentTweaker.preInit(ContentTweaker.java:40)
	at sun.reflect.NativeMethodAccessorImpl.invoke0(Native Method)
	at sun.reflect.NativeMethodAccessorImpl.invoke(NativeMethodAccessorImpl.java:62)
	at sun.reflect.DelegatingMethodAccessorImpl.invoke(DelegatingMethodAccessorImpl.java:43)
	at java.lang.reflect.Method.invoke(Method.java:497)
	at net.minecraftforge.fml.common.FMLModContainer.handleModStateEvent(FMLModContainer.java:637)
	at sun.reflect.GeneratedMethodAccessor3.invoke(Unknown Source)
	at sun.reflect.DelegatingMethodAccessorImpl.invoke(DelegatingMethodAccessorImpl.java:43)
	at java.lang.reflect.Method.invoke(Method.java:497)
	at com.google.common.eventbus.Subscriber.invokeSubscriberMethod(Subscriber.java:91)
	at com.google.common.eventbus.Subscriber$SynchronizedSubscriber.invokeSubscriberMethod(Subscriber.java:150)
	at com.google.common.eventbus.Subscriber$1.run(Subscriber.java:76)
	at com.google.common.util.concurrent.MoreExecutors$DirectExecutor.execute(MoreExecutors.java:399)
	at com.google.common.eventbus.Subscriber.dispatchEvent(Subscriber.java:71)
	at com.google.common.eventbus.Dispatcher$PerThreadQueuedDispatcher.dispatch(Dispatcher.java:116)
	at com.google.common.eventbus.EventBus.post(EventBus.java:217)
	at net.minecraftforge.fml.common.LoadController.sendEventToModContainer(LoadController.java:219)
	at net.minecraftforge.fml.common.LoadController.propogateStateMessage(LoadController.java:197)
	at sun.reflect.NativeMethodAccessorImpl.invoke0(Native Method)
	at sun.reflect.NativeMethodAccessorImpl.invoke(NativeMethodAccessorImpl.java:62)
	at sun.reflect.DelegatingMethodAccessorImpl.invoke(DelegatingMethodAccessorImpl.java:43)
	at java.lang.reflect.Method.invoke(Method.java:497)
	at com.google.common.eventbus.Subscriber.invokeSubscriberMethod(Subscriber.java:91)
	at com.google.common.eventbus.Subscriber$SynchronizedSubscriber.invokeSubscriberMethod(Subscriber.java:150)
	at com.google.common.eventbus.Subscriber$1.run(Subscriber.java:76)
	at com.google.common.util.concurrent.MoreExecutors$DirectExecutor.execute(MoreExecutors.java:399)
	at com.google.common.eventbus.Subscriber.dispatchEvent(Subscriber.java:71)
	at com.google.common.eventbus.Dispatcher$PerThreadQueuedDispatcher.dispatch(Dispatcher.java:116)
	at com.google.common.eventbus.EventBus.post(EventBus.java:217)
	at net.minecraftforge.fml.common.LoadController.distributeStateMessage(LoadController.java:136)
	at net.minecraftforge.fml.common.Loader.preinitializeMods(Loader.java:629)
	at net.minecraftforge.fml.client.FMLClientHandler.beginMinecraftLoading(FMLClientHandler.java:252)
	at net.minecraft.client.Minecraft.func_71384_a(Minecraft.java:467)
	at net.minecraft.client.Minecraft.func_99999_d(Minecraft.java:3931)
	at net.minecraft.client.main.Main.main(SourceFile:123)
	at sun.reflect.NativeMethodAccessorImpl.invoke0(Native Method)
	at sun.reflect.NativeMethodAccessorImpl.invoke(NativeMethodAccessorImpl.java:62)
	at sun.reflect.DelegatingMethodAccessorImpl.invoke(DelegatingMethodAccessorImpl.java:43)
	at java.lang.reflect.Method.invoke(Method.java:497)
	at net.minecraft.launchwrapper.Launch.launch(Launch.java:135)
	at net.minecraft.launchwrapper.Launch.main(Launch.java:28)
[PREINITIALIZATION][CLIENT][INFO] [contenttweaker | SIDE_CLIENT]: Loading Script: {[0:contenttweaker]: ContentTweaker\Items\CompoundGlue.zs}
[PREINITIALIZATION][CLIENT][INFO] [contenttweaker | SIDE_CLIENT]: Loading Script: {[0:contenttweaker]: ContentTweaker\Items\TinkersHammer.zs}
[PREINITIALIZATION][CLIENT][INFO] [contenttweaker | SIDE_CLIENT]: Loading Script: {[0:contenttweaker]: ContentTweaker\Items\Violin.zs}
[PREINITIALIZATION][CLIENT][INFO] [contenttweaker | SIDE_CLIENT]: Skipping file {[0:crafttweaker]: recipe.zs} as we are currently loading with a different loader
[PREINITIALIZATION][CLIENT][INFO] [contenttweaker | SIDE_CLIENT]: Skipping file {[0:crafttweaker]: recipes.zs} as we are currently loading with a different loader
[PREINITIALIZATION][CLIENT][INFO] [contenttweaker | SIDE_CLIENT]: Skipping file {[0:crafttweaker]: Tinker's\tinkers_blocks.zs} as we are currently loading with a different loader
[PREINITIALIZATION][CLIENT][INFO] [contenttweaker | SIDE_CLIENT]: Skipping file {[0:crafttweaker]: Tinker's\tinkers_toolparts.zs} as we are currently loading with a different loader
[PREINITIALIZATION][CLIENT][INFO] Completed script loading in: 318ms
[INITIALIZATION][CLIENT][INFO] CraftTweaker: Building registry
[INITIALIZATION][CLIENT][INFO] CraftTweaker: Successfully built item registry
[INITIALIZATION][CLIENT][INFO] Current loaders after merging: [[preinit], [contenttweaker], [recipeevent | crafttweaker]]
[INITIALIZATION][CLIENT][INFO] Loading scripts for loader with names [crafttweaker | recipeevent]
[INITIALIZATION][CLIENT][INFO] [crafttweaker | SIDE_CLIENT]: Skipping file {[0:contenttweaker]: ContentTweaker\Fluids\glue.zs} as we are currently loading with a different loader
[INITIALIZATION][CLIENT][INFO] [crafttweaker | SIDE_CLIENT]: Skipping file {[0:contenttweaker]: ContentTweaker\Items\CompoundGlue.zs} as we are currently loading with a different loader
[INITIALIZATION][CLIENT][INFO] [crafttweaker | SIDE_CLIENT]: Skipping file {[0:contenttweaker]: ContentTweaker\Items\TinkersHammer.zs} as we are currently loading with a different loader
[INITIALIZATION][CLIENT][INFO] [crafttweaker | SIDE_CLIENT]: Skipping file {[0:contenttweaker]: ContentTweaker\Items\Violin.zs} as we are currently loading with a different loader
[INITIALIZATION][CLIENT][INFO] [crafttweaker | SIDE_CLIENT]: Loading Script: {[0:crafttweaker]: recipe.zs}
[INITIALIZATION][CLIENT][INFO] [crafttweaker | SIDE_CLIENT]: Loading Script: {[0:crafttweaker]: recipes.zs}
[INITIALIZATION][CLIENT][INFO] [crafttweaker | SIDE_CLIENT]: Loading Script: {[0:crafttweaker]: Tinker's\tinkers_blocks.zs}
[INITIALIZATION][CLIENT][INFO] Adding a Table Crafting recipe for Tool Forge
[INITIALIZATION][CLIENT][INFO] [crafttweaker | SIDE_CLIENT]: Loading Script: {[0:crafttweaker]: Tinker's\tinkers_toolparts.zs}
[INITIALIZATION][CLIENT][ERROR] Tinker's\tinkers_toolparts.zs:21: Could not resolve <contentweaker : tinkershammer>
[INITIALIZATION][CLIENT][INFO] Adding a Table Crafting recipe for Iron Hammer Head
[INITIALIZATION][CLIENT][INFO] Adding a Table Crafting recipe for Air
[INITIALIZATION][CLIENT][INFO] Completed script loading in: 212ms
[POSTINITIALIZATION][CLIENT][INFO] Removing recipes for various outputs
[POSTINITIALIZATION][CLIENT][INFO] Adding shapeless recipe for White Sand with name ct_shapeless1583884622
[POSTINITIALIZATION][CLIENT][INFO] Removing furnace recipes for: <minecraft:glass>
[POSTINITIALIZATION][CLIENT][INFO] 1 recipes removed for: <minecraft:glass>
[POSTINITIALIZATION][CLIENT][INFO] Removing furnace recipes for: <minecraft:glass>
[POSTINITIALIZATION][CLIENT][INFO] 0 recipes removed for: <minecraft:glass>
[AVAILABLE][CLIENT][INFO] Fixed the RecipeBook
[SERVER_STARTED][SERVER][INFO] Loading scripts for loader with names [preinit]
[SERVER_STARTED][SERVER][INFO] Completed script loading in: 1ms
[SERVER_STARTED][SERVER][INFO] Loading scripts for loader with names [contenttweaker]
[SERVER_STARTED][SERVER][INFO] [contenttweaker | SIDE_CLIENT]: Loading Script: {[0:contenttweaker]: ContentTweaker\Fluids\glue.zs}
[SERVER_STARTED][SERVER][ERROR] ContentTweaker\Fluids\glue.zs:7 > could not find VanillarFactory
[SERVER_STARTED][SERVER][ERROR] ContentTweaker\Fluids\glue.zs:8 > any values not yet supported
[SERVER_STARTED][SERVER][ERROR] ContentTweaker\Fluids\glue.zs:9 > any values not yet supported
[SERVER_STARTED][SERVER][ERROR] ContentTweaker\Fluids\glue.zs:10 > any values not yet supported
[SERVER_STARTED][SERVER][INFO] [contenttweaker | SIDE_CLIENT]: Loading Script: {[0:contenttweaker]: ContentTweaker\Items\CompoundGlue.zs}
[SERVER_STARTED][SERVER][INFO] [contenttweaker | SIDE_CLIENT]: Loading Script: {[0:contenttweaker]: ContentTweaker\Items\TinkersHammer.zs}
[SERVER_STARTED][SERVER][INFO] [contenttweaker | SIDE_CLIENT]: Loading Script: {[0:contenttweaker]: ContentTweaker\Items\Violin.zs}
[SERVER_STARTED][SERVER][INFO] Completed script loading in: 5ms
[SERVER_STARTED][SERVER][INFO] Loading scripts for loader with names [crafttweaker | recipeevent]
[SERVER_STARTED][SERVER][INFO] [crafttweaker | SIDE_CLIENT]: Loading Script: {[100:crafttweaker]: Tinker's\tc_remove.zs}
[SERVER_STARTED][SERVER][INFO] [crafttweaker | SIDE_CLIENT]: Loading Script: {[0:crafttweaker]: recipe.zs}
[SERVER_STARTED][SERVER][INFO] [crafttweaker | SIDE_CLIENT]: Loading Script: {[0:crafttweaker]: recipes.zs}
[SERVER_STARTED][SERVER][INFO] [crafttweaker | SIDE_CLIENT]: Loading Script: {[0:crafttweaker]: Tinker's\tinkers_blocks.zs}
[SERVER_STARTED][SERVER][INFO] [crafttweaker | SIDE_CLIENT]: Loading Script: {[0:crafttweaker]: Tinker's\tinkers_toolparts.zs}
[SERVER_STARTED][SERVER][ERROR] Tinker's\tinkers_toolparts.zs:21: Could not resolve <contentweaker : tinkershammer>
[SERVER_STARTED][SERVER][INFO] Completed script loading in: 14ms
[SERVER_STARTED][SERVER][INFO] Loading scripts for loader with names [preinit]
[SERVER_STARTED][SERVER][INFO] Completed script loading in: 0ms
[SERVER_STARTED][SERVER][INFO] Loading scripts for loader with names [contenttweaker]
[SERVER_STARTED][SERVER][INFO] [contenttweaker | SIDE_CLIENT]: Loading Script: {[0:contenttweaker]: ContentTweaker\Fluids\glue.zs}
[SERVER_STARTED][SERVER][ERROR] ContentTweaker\Fluids\glue.zs:9 > no method with that name available
[SERVER_STARTED][SERVER][INFO] [contenttweaker | SIDE_CLIENT]: Loading Script: {[0:contenttweaker]: ContentTweaker\Items\CompoundGlue.zs}
[SERVER_STARTED][SERVER][INFO] [contenttweaker | SIDE_CLIENT]: Loading Script: {[0:contenttweaker]: ContentTweaker\Items\TinkersHammer.zs}
[SERVER_STARTED][SERVER][INFO] [contenttweaker | SIDE_CLIENT]: Loading Script: {[0:contenttweaker]: ContentTweaker\Items\Violin.zs}
[SERVER_STARTED][SERVER][INFO] Completed script loading in: 3ms
[SERVER_STARTED][SERVER][INFO] Loading scripts for loader with names [crafttweaker | recipeevent]
[SERVER_STARTED][SERVER][INFO] [crafttweaker | SIDE_CLIENT]: Loading Script: {[100:crafttweaker]: Tinker's\tc_remove.zs}
[SERVER_STARTED][SERVER][INFO] [crafttweaker | SIDE_CLIENT]: Loading Script: {[0:crafttweaker]: recipe.zs}
[SERVER_STARTED][SERVER][INFO] [crafttweaker | SIDE_CLIENT]: Loading Script: {[0:crafttweaker]: recipes.zs}
[SERVER_STARTED][SERVER][INFO] [crafttweaker | SIDE_CLIENT]: Loading Script: {[0:crafttweaker]: Tinker's\tinkers_blocks.zs}
[SERVER_STARTED][SERVER][INFO] [crafttweaker | SIDE_CLIENT]: Loading Script: {[0:crafttweaker]: Tinker's\tinkers_toolparts.zs}
[SERVER_STARTED][SERVER][ERROR] Tinker's\tinkers_toolparts.zs:21: Could not resolve <contentweaker : tinkershammer>
[SERVER_STARTED][SERVER][INFO] Completed script loading in: 6ms
[SERVER_STARTED][SERVER][INFO] Loading scripts for loader with names [preinit]
[SERVER_STARTED][SERVER][INFO] Completed script loading in: 0ms
[SERVER_STARTED][SERVER][INFO] Loading scripts for loader with names [contenttweaker]
[SERVER_STARTED][SERVER][INFO] [contenttweaker | SIDE_CLIENT]: Loading Script: {[0:contenttweaker]: ContentTweaker\Fluids\glue.zs}
[SERVER_STARTED][SERVER][INFO] [contenttweaker | SIDE_CLIENT]: Loading Script: {[0:contenttweaker]: ContentTweaker\Items\CompoundGlue.zs}
[SERVER_STARTED][SERVER][INFO] [contenttweaker | SIDE_CLIENT]: Loading Script: {[0:contenttweaker]: ContentTweaker\Items\TinkersHammer.zs}
[SERVER_STARTED][SERVER][INFO] [contenttweaker | SIDE_CLIENT]: Loading Script: {[0:contenttweaker]: ContentTweaker\Items\Violin.zs}
[SERVER_STARTED][SERVER][INFO] Completed script loading in: 1ms
[SERVER_STARTED][SERVER][INFO] Loading scripts for loader with names [crafttweaker | recipeevent]
[SERVER_STARTED][SERVER][INFO] [crafttweaker | SIDE_CLIENT]: Loading Script: {[100:crafttweaker]: Tinker's\tc_remove.zs}
[SERVER_STARTED][SERVER][INFO] [crafttweaker | SIDE_CLIENT]: Loading Script: {[0:crafttweaker]: recipe.zs}
[SERVER_STARTED][SERVER][INFO] [crafttweaker | SIDE_CLIENT]: Loading Script: {[0:crafttweaker]: recipes.zs}
[SERVER_STARTED][SERVER][INFO] [crafttweaker | SIDE_CLIENT]: Loading Script: {[0:crafttweaker]: Tinker's\tinkers_blocks.zs}
[SERVER_STARTED][SERVER][INFO] [crafttweaker | SIDE_CLIENT]: Loading Script: {[0:crafttweaker]: Tinker's\tinkers_toolparts.zs}
[SERVER_STARTED][SERVER][ERROR] Tinker's\tinkers_toolparts.zs:21: Could not resolve <contentweaker : tinkershammer>
[SERVER_STARTED][SERVER][INFO] Completed script loading in: 8ms
[SERVER_STARTED][SERVER][INFO] Loading scripts for loader with names [preinit]
[SERVER_STARTED][SERVER][INFO] Completed script loading in: 0ms
[SERVER_STARTED][SERVER][INFO] Loading scripts for loader with names [contenttweaker]
[SERVER_STARTED][SERVER][INFO] [contenttweaker | SIDE_CLIENT]: Loading Script: {[0:contenttweaker]: ContentTweaker\Fluids\glue.zs}
[SERVER_STARTED][SERVER][INFO] [contenttweaker | SIDE_CLIENT]: Loading Script: {[0:contenttweaker]: ContentTweaker\Items\CompoundGlue.zs}
[SERVER_STARTED][SERVER][INFO] [contenttweaker | SIDE_CLIENT]: Loading Script: {[0:contenttweaker]: ContentTweaker\Items\TinkersHammer.zs}
[SERVER_STARTED][SERVER][INFO] [contenttweaker | SIDE_CLIENT]: Loading Script: {[0:contenttweaker]: ContentTweaker\Items\Violin.zs}
[SERVER_STARTED][SERVER][INFO] Completed script loading in: 3ms
[SERVER_STARTED][SERVER][INFO] Loading scripts for loader with names [crafttweaker | recipeevent]
[SERVER_STARTED][SERVER][INFO] [crafttweaker | SIDE_CLIENT]: Loading Script: {[100:crafttweaker]: Tinker's\tc_remove.zs}
[SERVER_STARTED][SERVER][INFO] [crafttweaker | SIDE_CLIENT]: Loading Script: {[0:crafttweaker]: recipe.zs}
[SERVER_STARTED][SERVER][INFO] [crafttweaker | SIDE_CLIENT]: Loading Script: {[0:crafttweaker]: recipes.zs}
[SERVER_STARTED][SERVER][INFO] [crafttweaker | SIDE_CLIENT]: Loading Script: {[0:crafttweaker]: Tinker's\tinkers_blocks.zs}
[SERVER_STARTED][SERVER][INFO] [crafttweaker | SIDE_CLIENT]: Loading Script: {[0:crafttweaker]: Tinker's\tinkers_toolparts.zs}
[SERVER_STARTED][SERVER][INFO] Completed script loading in: 8ms
[SERVER_STARTED][SERVER][INFO] Loading scripts for loader with names [preinit]
[SERVER_STARTED][SERVER][INFO] Completed script loading in: 0ms
[SERVER_STARTED][SERVER][INFO] Loading scripts for loader with names [contenttweaker]
[SERVER_STARTED][SERVER][INFO] [contenttweaker | SIDE_CLIENT]: Loading Script: {[0:contenttweaker]: ContentTweaker\Fluids\glue.zs}
[SERVER_STARTED][SERVER][INFO] [contenttweaker | SIDE_CLIENT]: Loading Script: {[0:contenttweaker]: ContentTweaker\Items\CompoundGlue.zs}
[SERVER_STARTED][SERVER][INFO] [contenttweaker | SIDE_CLIENT]: Loading Script: {[0:contenttweaker]: ContentTweaker\Items\TinkersHammer.zs}
[SERVER_STARTED][SERVER][INFO] [contenttweaker | SIDE_CLIENT]: Loading Script: {[0:contenttweaker]: ContentTweaker\Items\Violin.zs}
[SERVER_STARTED][SERVER][INFO] Completed script loading in: 2ms
[SERVER_STARTED][SERVER][INFO] Loading scripts for loader with names [crafttweaker | recipeevent]
[SERVER_STARTED][SERVER][INFO] [crafttweaker | SIDE_CLIENT]: Loading Script: {[100:crafttweaker]: Tinker's\tc_remove.zs}
[SERVER_STARTED][SERVER][INFO] [crafttweaker | SIDE_CLIENT]: Loading Script: {[0:crafttweaker]: funny_but_annoying.zs}
[SERVER_STARTED][SERVER][INFO] [crafttweaker | SIDE_CLIENT]: Loading Script: {[0:crafttweaker]: recipes.zs}
[SERVER_STARTED][SERVER][INFO] [crafttweaker | SIDE_CLIENT]: Loading Script: {[0:crafttweaker]: Removing\rm_gears.zs}
[SERVER_STARTED][SERVER][INFO] [crafttweaker | SIDE_CLIENT]: Loading Script: {[0:crafttweaker]: Roots\gating_roots.zs}
[SERVER_STARTED][SERVER][INFO] [crafttweaker | SIDE_CLIENT]: Loading Script: {[0:crafttweaker]: Tinker's\tinkers_blocks.zs}
[SERVER_STARTED][SERVER][INFO] [crafttweaker | SIDE_CLIENT]: Loading Script: {[0:crafttweaker]: Tinker's\tinkers_toolparts.zs}
[SERVER_STARTED][SERVER][INFO] Completed script loading in: 18ms
[SERVER_STARTED][SERVER][INFO] Loading scripts for loader with names [preinit]
[SERVER_STARTED][SERVER][INFO] Completed script loading in: 0ms
[SERVER_STARTED][SERVER][INFO] Loading scripts for loader with names [contenttweaker]
[SERVER_STARTED][SERVER][INFO] [contenttweaker | SIDE_CLIENT]: Loading Script: {[0:contenttweaker]: ContentTweaker\Fluids\glue.zs}
[SERVER_STARTED][SERVER][INFO] [contenttweaker | SIDE_CLIENT]: Loading Script: {[0:contenttweaker]: ContentTweaker\Items\CompoundGlue.zs}
[SERVER_STARTED][SERVER][INFO] [contenttweaker | SIDE_CLIENT]: Loading Script: {[0:contenttweaker]: ContentTweaker\Items\TinkersHammer.zs}
[SERVER_STARTED][SERVER][INFO] [contenttweaker | SIDE_CLIENT]: Loading Script: {[0:contenttweaker]: ContentTweaker\Items\Violin.zs}
[SERVER_STARTED][SERVER][INFO] Completed script loading in: 2ms
[SERVER_STARTED][SERVER][INFO] Loading scripts for loader with names [crafttweaker | recipeevent]
[SERVER_STARTED][SERVER][INFO] [crafttweaker | SIDE_CLIENT]: Loading Script: {[100:crafttweaker]: Tinker's\tc_remove.zs}
[SERVER_STARTED][SERVER][INFO] [crafttweaker | SIDE_CLIENT]: Loading Script: {[0:crafttweaker]: funny_but_annoying.zs}
[SERVER_STARTED][SERVER][INFO] [crafttweaker | SIDE_CLIENT]: Loading Script: {[0:crafttweaker]: recipes.zs}
[SERVER_STARTED][SERVER][INFO] [crafttweaker | SIDE_CLIENT]: Loading Script: {[0:crafttweaker]: Removing\rm_gears.zs}
[SERVER_STARTED][SERVER][INFO] [crafttweaker | SIDE_CLIENT]: Loading Script: {[0:crafttweaker]: Roots\gating_roots.zs}
[SERVER_STARTED][SERVER][INFO] [crafttweaker | SIDE_CLIENT]: Loading Script: {[0:crafttweaker]: Tinker's\tinkers_blocks.zs}
[SERVER_STARTED][SERVER][INFO] [crafttweaker | SIDE_CLIENT]: Loading Script: {[0:crafttweaker]: Tinker's\tinkers_toolparts.zs}
[SERVER_STARTED][SERVER][INFO] Completed script loading in: 27ms
